2024-10-14T16:11:01.651Z [INFO]: Revisando y corrigiendo capitalización de nombres...
2024-10-14T16:11:01.669Z [INFO]: Verificando y añadiendo jugadores faltantes...
2024-10-14T16:11:01.674Z [INFO]: Jugador actualizado: SAMUEL VILLAR PEREZ
2024-10-14T16:11:01.677Z [INFO]: Jugador actualizado: ARTAI BRINGAS GOMEZ
2024-10-14T16:11:01.681Z [INFO]: Jugador actualizado: INES PRADO ACEBO
2024-10-14T16:11:01.684Z [INFO]: Jugador actualizado: LIDIA KAREN ZAPATA CAMPOS
2024-10-14T16:11:01.687Z [INFO]: Jugador actualizado: ELOY SIXTO PUENTE
2024-10-14T16:11:01.690Z [INFO]: Jugador actualizado: JOSE RAMON GONZALEZ PEREZ
2024-10-14T16:11:01.693Z [INFO]: Jugador actualizado: RAFAEL GUTIERREZ GONZALEZ
2024-10-14T16:11:01.697Z [INFO]: Jugador actualizado: SERGIO GUTIERREZ GONZALEZ
2024-10-14T16:11:01.701Z [INFO]: Jugador actualizado: LUCAS FERRO FERNANDEZ
2024-10-14T16:11:01.703Z [INFO]: Jugador actualizado: ALEJANDRO SERGIO HOFFMAN
2024-10-14T16:11:01.706Z [INFO]: Jugador actualizado: ALEKSA STRIKOVIC
2024-10-14T16:11:01.709Z [INFO]: Jugador actualizado: MIHAIL MARIN
2024-10-14T16:11:01.712Z [INFO]: Jugador actualizado: VLADIMIR IVANOV PETKOV
2024-10-14T16:11:01.715Z [INFO]: Jugador actualizado: VELISLAV KUKOV
2024-10-14T16:11:01.718Z [INFO]: Jugador actualizado: PEDRO GIL FERREIRA DA SILVA
2024-10-14T16:11:01.722Z [INFO]: Jugador actualizado: PAULO MIGUEL LEITAO GOMES DE PINHO
2024-10-14T16:11:01.724Z [INFO]: Jugador actualizado: MARTIN BOADO RODRIGUEZ
2024-10-14T16:11:01.727Z [INFO]: Jugador actualizado: TOMAS ALONSO MARTINEZ
2024-10-14T16:11:01.730Z [INFO]: Jugador actualizado: SIMAO MACIEL ABRANCHES PINTOR
2024-10-14T16:11:01.733Z [INFO]: Jugador actualizado: MANUEL ANTONIO RODRIGUEZ BLANCO
2024-10-14T16:11:01.736Z [INFO]: Jugador actualizado: ORLANDO CAMILO DUARTE RIBEIRO
2024-10-14T16:11:01.738Z [INFO]: Jugador actualizado: PABLO FERNANDEZ BORREGO
2024-10-14T16:11:01.741Z [INFO]: Jugador actualizado: ANTONIO PAZOS PORTA
2024-10-14T16:11:01.744Z [INFO]: Jugador actualizado: MARCO ANTONIO MORALES MARMOL
2024-10-14T16:11:01.747Z [INFO]: Jugador actualizado: DIEGO GUERRA BASTIDA
2024-10-14T16:11:01.750Z [INFO]: Jugador actualizado: XOEL PEREZ MAURICIO
2024-10-14T16:11:01.753Z [INFO]: Jugador actualizado: DAVID JOVE REY
2024-10-14T16:11:01.756Z [INFO]: Jugador actualizado: XABIER GOMEZ DOMINGUEZ
2024-10-14T16:11:01.759Z [INFO]: Jugador actualizado: MIGUEL MILLAN SOTO
2024-10-14T16:11:01.762Z [INFO]: Jugador actualizado: WALTER LOPEZ RODRIGUEZ
2024-10-14T16:11:01.765Z [INFO]: Jugador actualizado: JORGE MEJUTO DE ULLOA
2024-10-14T16:11:01.768Z [INFO]: Jugador actualizado: MIGUEL PICOS MAIZTEGUI
2024-10-14T16:11:01.771Z [INFO]: Jugador actualizado: BREIXO GOMEZ DOMINGUEZ
2024-10-14T16:11:01.774Z [INFO]: Jugador actualizado: JONAS BUHL BJERRE
2024-10-14T16:11:01.777Z [INFO]: Jugador actualizado: MADS ANDERSEN
2024-10-14T16:11:01.780Z [INFO]: Jugador actualizado: JORGE VITERBO FERREIRA
2024-10-14T16:11:01.784Z [INFO]: Jugador actualizado: ANDRE MIGUEL DO VALE VENTURA DE SOUSA
2024-10-14T16:11:01.788Z [INFO]: Jugador actualizado: ZENON FRANCO OCAMPOS
2024-10-14T16:11:01.791Z [INFO]: Jugador actualizado: XULIO DEL PRADO RODRIGUEZ
2024-10-14T16:11:01.796Z [INFO]: Jugador actualizado: DAVID GOMEZ DIEGUEZ
2024-10-14T16:11:01.800Z [INFO]: Jugador actualizado: FILIPA FORTUNA PIPIRAS
2024-10-14T16:11:01.803Z [INFO]: Jugador actualizado: HENRIQUE REY MALDE
2024-10-14T16:11:01.806Z [INFO]: Jugador actualizado: YUDANIA HERNANDEZ ESTEVEZ
2024-10-14T16:11:01.809Z [INFO]: Jugador actualizado: ADRIAN GOMEZ DIEGUEZ
2024-10-14T16:11:01.813Z [INFO]: Jugador actualizado: MARTIN GOMEZ CARREÑO
2024-10-14T16:11:01.816Z [INFO]: Jugador actualizado: MANUEL PENA GOMEZ
2024-10-14T16:11:01.819Z [INFO]: Jugador actualizado: MIGUEL SENLLE CARIDE
2024-10-14T16:11:01.822Z [INFO]: Jugador actualizado: ANTONIO ALVAREZ PAMPILLON
2024-10-14T16:11:01.825Z [INFO]: Jugador actualizado: MAURO SANROMAN COSTAS
2024-10-14T16:11:01.828Z [INFO]: Jugador actualizado: XABIER PEREZ SOUSA
2024-10-14T16:11:01.831Z [INFO]: Jugador actualizado: JAVIER DEL VALLE CRESPO
2024-10-14T16:11:01.834Z [INFO]: Jugador actualizado: CESAR PEREZ NOVAS
2024-10-14T16:11:01.837Z [INFO]: Jugador actualizado: EDUARDO DEL VALLE DE LA JARA
2024-10-14T16:11:01.840Z [INFO]: Jugador actualizado: CARLOS CUÑA DELGADO
2024-10-14T16:11:01.843Z [INFO]: Jugador actualizado: DAVID LARIÑO NIETO
2024-10-14T16:11:01.846Z [INFO]: Jugador actualizado: FERNANDO SANCHEZ ALLER
2024-10-14T16:11:01.849Z [INFO]: Jugador actualizado: MARCIAL GARCIA CARBO
2024-10-14T16:11:01.852Z [INFO]: Jugador actualizado: EDUARDO GARCIA BRION
2024-10-14T16:11:01.855Z [INFO]: Jugador actualizado: MANUEL ANGEL ABUIN BOULLON
2024-10-14T16:11:01.857Z [INFO]: Jugador actualizado: JAVIER RODRIGUES PORTELA
2024-10-14T16:11:01.861Z [INFO]: Jugador actualizado: SAMUEL MARTINEZ VARELA
2024-10-14T16:11:01.864Z [INFO]: Jugador actualizado: MATEO MARTINEZ HERMO
2024-10-14T16:11:01.867Z [INFO]: Jugador actualizado: HUGO MARTINEZ VARELA
2024-10-14T16:11:01.870Z [INFO]: Jugador actualizado: ALEXANDER ROJAS SERRA
2024-10-14T16:11:01.873Z [INFO]: Jugador actualizado: ALEJANDRO FERNÁNDEZ CAMELLO
2024-10-14T16:11:01.876Z [INFO]: Jugador actualizado: TOMAS BODELON RODRIGUEZ
2024-10-14T16:11:01.879Z [INFO]: Jugador actualizado: ALFREDO DE LA FUENTE MAYAN
2024-10-14T16:11:01.882Z [INFO]: Jugador actualizado: GUILHERME DEOLA BORGES
2024-10-14T16:11:01.884Z [INFO]: Jugador actualizado: RUI PINTO GUIMARAES
2024-10-14T16:11:01.887Z [INFO]: Jugador actualizado: BERNARD SAKULSKI
2024-10-14T16:11:01.890Z [INFO]: Jugador actualizado: ENRIQUE VILLODAS VAZQUEZ
2024-10-14T16:11:01.893Z [INFO]: Jugador actualizado: DIEGO FERNANDEZ IGLESIAS
2024-10-14T16:11:01.896Z [INFO]: Jugador actualizado: ERNESTO FERNANDEZ ROMERO
2024-10-14T16:11:01.898Z [INFO]: Jugador actualizado: JULIO SUAREZ GOMEZ
2024-10-14T16:11:01.902Z [INFO]: Jugador actualizado: ROI REINALDO CASTIÑEIRA
2024-10-14T16:11:01.905Z [INFO]: Jugador actualizado: HECTOR LAIZ IBAÑEZ
2024-10-14T16:11:01.907Z [INFO]: Jugador actualizado: LUCAS ABAL CORES
2024-10-14T16:11:01.911Z [INFO]: Jugador actualizado: ANDRES RODRIGUEZ FERREIROS
2024-10-14T16:11:01.913Z [INFO]: Jugador actualizado: JULIO GONZALEZ DIAZ
2024-10-14T16:11:01.916Z [INFO]: Jugador actualizado: JULIO TORRADO QUINTELA
2024-10-14T16:11:01.919Z [INFO]: Jugador actualizado: DAN CRUZ ALVAREZ DE RON
2024-10-14T16:11:01.922Z [INFO]: Jugador actualizado: ANTONIO RODRIGUEZ RODRIGUEZ
2024-10-14T16:11:01.925Z [INFO]: Jugador actualizado: ANGEL FRANCISCO VILAS FERNANDEZ
2024-10-14T16:11:01.928Z [INFO]: Jugador actualizado: LUIS FELIPE SEGURA RODRIGUEZ
2024-10-14T16:11:01.931Z [INFO]: Jugador actualizado: MARCOS RODRIGUEZ FONTECHA
2024-10-14T16:11:01.934Z [INFO]: Jugador actualizado: DIEGO ADRIAN ESPIÑEIRA GONZALEZ
2024-10-14T16:11:01.937Z [INFO]: Jugador actualizado: ALFONSO LOPEZ GONZALEZ
2024-10-14T16:11:01.940Z [INFO]: Jugador actualizado: JUAN MANUEL ACOSTA SOSA
2024-10-14T16:11:01.942Z [INFO]: Jugador actualizado: PAULO ALEXANDRE GOMES MONTEIRO
2024-10-14T16:11:01.945Z [INFO]: Jugador actualizado: ANGEL FERREÑO SANMARTIN
2024-10-14T16:11:01.948Z [INFO]: Jugador actualizado: BREIXO LONGUEIRA ALONSO
2024-10-14T16:11:01.951Z [INFO]: Jugador actualizado: CLAUDIO REBOREDO MARTINEZ
2024-10-14T16:11:01.954Z [INFO]: Jugador actualizado: ALEJANDRO CEREIJO SUAREZ
2024-10-14T16:11:01.957Z [INFO]: Jugador actualizado: DIEGO LOPEZ GONZALEZ
2024-10-14T16:11:01.960Z [INFO]: Jugador actualizado: LUIS ALBERTO COSTADO DIOS
2024-10-14T16:11:01.963Z [INFO]: Jugador actualizado: JOSE RAMON SANTACLARA RODRIGUEZ
2024-10-14T16:11:01.966Z [INFO]: Jugador actualizado: TOMAS LEMOS VIZCAYA
2024-10-14T16:11:01.969Z [INFO]: Jugador actualizado: JOSE LUIS CEBRIAN RAMOS
2024-10-14T16:11:01.972Z [INFO]: Jugador actualizado: JESUS ANGEL DE LA TORRE ALFONSO
2024-10-14T16:11:01.975Z [INFO]: Jugador actualizado: JOSE BARREIRO PIÑEIRO
2024-10-14T16:11:01.978Z [INFO]: Jugador actualizado: DANIEL ABELLEIRA GONZALEZ
2024-10-14T16:11:01.981Z [INFO]: Jugador actualizado: JOSE GESTIDO VILLANUEVA
2024-10-14T16:11:01.984Z [INFO]: Jugador actualizado: MARIO EXPOSITO PACIN
2024-10-14T16:11:01.987Z [INFO]: Jugador actualizado: SALVADOR CASTRO OTERO
2024-10-14T16:11:01.990Z [INFO]: Jugador actualizado: DIEGO CACHEIRO BLANCO
2024-10-14T16:11:01.993Z [INFO]: Jugador actualizado: DIEGO SUAREZ POUSA
2024-10-14T16:11:01.996Z [INFO]: Jugador actualizado: MANOEL RODRIGUEZ CALVO
2024-10-14T16:11:01.999Z [INFO]: Jugador actualizado: JUAN ROBERTO PATIÑO ROMARIS
2024-10-14T16:11:02.002Z [INFO]: Jugador actualizado: CESAR ABELLA VAZQUEZ
2024-10-14T16:11:02.005Z [INFO]: Jugador actualizado: PABLO TUBIO AGRASAR
2024-10-14T16:11:02.008Z [INFO]: Jugador actualizado: ALFONSO CABALEIRO BARROSO
2024-10-14T16:11:02.011Z [INFO]: Jugador actualizado: MANUEL ANTONIO GARCIA TENREIRO
2024-10-14T16:11:02.015Z [INFO]: Jugador actualizado: MARTIN CACHEIRO MARTINEZ
2024-10-14T16:11:02.018Z [INFO]: Jugador actualizado: ALBERTO PORTELA PELETEIRO
2024-10-14T16:11:02.021Z [INFO]: Jugador actualizado: RUBEN FERNANDEZ LOPEZ
2024-10-14T16:11:02.024Z [INFO]: Jugador actualizado: DANIEL RIVERA KUZAWKA
2024-10-14T16:11:02.027Z [INFO]: Jugador actualizado: PABLO GARCIA CASTRO
2024-10-14T16:11:02.030Z [INFO]: Jugador actualizado: ANTONIO FROIS
2024-10-14T16:11:02.033Z [INFO]: Jugador actualizado: DAVID GARCIA SOBRINO
2024-10-14T16:11:02.036Z [INFO]: Jugador actualizado: VICTOR PLACIDO MIGUEL LAGO
2024-10-14T16:11:02.039Z [INFO]: Jugador actualizado: JUAN MANUEL MARTINEZ MONTES
2024-10-14T16:11:02.042Z [INFO]: Jugador actualizado: MIGUEL RODRIGUEZ DOMINGUEZ
2024-10-14T16:11:02.045Z [INFO]: Jugador actualizado: EDUARDO RODRIGUEZ CRESPO
2024-10-14T16:11:02.048Z [INFO]: Jugador actualizado: JAVIER SEIJO BELTRAN
2024-10-14T16:11:02.051Z [INFO]: Jugador actualizado: ANGEL REY FARIÑA
2024-10-14T16:11:02.054Z [INFO]: Jugador actualizado: DANIEL FIGUEIRAS ARIAS
2024-10-14T16:11:02.057Z [INFO]: Jugador actualizado: DANIEL POUSADA ESTEVEZ
2024-10-14T16:11:02.060Z [INFO]: Jugador actualizado: ALEJANDRO VILLODAS VAZQUEZ
2024-10-14T16:11:02.063Z [INFO]: Jugador actualizado: JOSE MARIA GONZALEZ PRIDA
2024-10-14T16:11:02.066Z [INFO]: Jugador actualizado: JOSE MARIA DORADO REBOREDO
2024-10-14T16:11:02.069Z [INFO]: Jugador actualizado: LORENZO GONZALEZ TABOADA
2024-10-14T16:11:02.072Z [INFO]: Jugador actualizado: ROQUE BOUZA SANTISO
2024-10-14T16:11:02.075Z [INFO]: Jugador actualizado: DAVID VARELA PETEIRA
2024-10-14T16:11:02.078Z [INFO]: Jugador actualizado: RODRIGO CUBERO FERREIRO
2024-10-14T16:11:02.081Z [INFO]: Jugador actualizado: CARMEN LOPEZ GRAÑA
2024-10-14T16:11:02.084Z [INFO]: Jugador actualizado: ANDRES VAZQUEZ PORTA
2024-10-14T16:11:02.087Z [INFO]: Jugador actualizado: MANUEL GONZALEZ LOPEZ
2024-10-14T16:11:02.090Z [INFO]: Jugador actualizado: LUCIA LOPEZ FRAGA
2024-10-14T16:11:02.093Z [INFO]: Jugador actualizado: DAVID RAMON LOSADA
2024-10-14T16:11:02.096Z [INFO]: Jugador actualizado: RAQUEL XIAN CARREGADO GARCIA
2024-10-14T16:11:02.099Z [INFO]: Jugador actualizado: ALEJANDRO SANCHEZ ROMAR
2024-10-14T16:11:02.102Z [INFO]: Jugador actualizado: JOSE ANTONIO GARCIA MATO
2024-10-14T16:11:02.105Z [INFO]: Jugador actualizado: JORGE GRAÑA LOIS
2024-10-14T16:11:02.108Z [INFO]: Jugador actualizado: LUIS CARRIL GARCIA
2024-10-14T16:11:02.111Z [INFO]: Jugador actualizado: JAIME RODRIGUEZ LOPEZ
2024-10-14T16:11:02.114Z [INFO]: Jugador actualizado: JOSE MANUEL CHAO FRANCO
2024-10-14T16:11:02.117Z [INFO]: Jugador actualizado: SERGIO COUTO WORNER
2024-10-14T16:11:02.120Z [INFO]: Jugador actualizado: JOSE DAVID SUAREZ GARCIA
2024-10-14T16:11:02.123Z [INFO]: Jugador actualizado: JOSE MANUEL SANGUIÑEDO FERNANDEZ
2024-10-14T16:11:02.126Z [INFO]: Jugador actualizado: NICOLAS BUDIÑO GARCIA
2024-10-14T16:11:02.128Z [INFO]: Jugador actualizado: JAVIER SUAREZ MARTINEZ
2024-10-14T16:11:02.132Z [INFO]: Jugador actualizado: VICTOR DANIEL POUSADA GARCIA
2024-10-14T16:11:02.135Z [INFO]: Jugador actualizado: FERNANDO JOSE CASARES RIPOL
2024-10-14T16:11:02.137Z [INFO]: Jugador actualizado: MANUEL RAMON ARIAS RODRIGUEZ
2024-10-14T16:11:02.141Z [INFO]: Jugador actualizado: RICARDO VILARIÑO GESTAL
2024-10-14T16:11:02.144Z [INFO]: Jugador actualizado: CARLOS FUSTES PARDO
2024-10-14T16:11:02.147Z [INFO]: Jugador actualizado: JOSE LUIS SOMOZA DIGON
2024-10-14T16:11:02.150Z [INFO]: Jugador actualizado: GREGORIO SAAVEDRA CARBALLIDO
2024-10-14T16:11:02.153Z [INFO]: Jugador actualizado: SANTIAGO AGUIAR MACIÑEIRA
2024-10-14T16:11:02.156Z [INFO]: Jugador actualizado: JULIAN DEL RIO REY
2024-10-14T16:11:02.158Z [INFO]: Jugador actualizado: MANUEL MUÑOZ VIDAL
2024-10-14T16:11:02.162Z [INFO]: Jugador actualizado: RUBEN RODRIGUEZ RIO
2024-10-14T16:11:02.165Z [INFO]: Jugador actualizado: JOSE MANUEL LOUREIRO GOMEZ
2024-10-14T16:11:02.167Z [INFO]: Jugador actualizado: ANTONIO FERNANDEZ FERNANDEZ
2024-10-14T16:11:02.171Z [INFO]: Jugador actualizado: OSCAR GARCIA RAMOS
2024-10-14T16:11:02.173Z [INFO]: Jugador actualizado: SIEM VAN DAEL
2024-10-14T16:11:02.176Z [INFO]: Jugador actualizado: PABLO LOPEZ VARELA
2024-10-14T16:11:02.179Z [INFO]: Jugador actualizado: EMILIA DYLAG
2024-10-14T16:11:02.182Z [INFO]: Jugador actualizado: ALFONSO ARANGO FERNANDEZ
2024-10-14T16:11:02.185Z [INFO]: Jugador actualizado: CARLOS CASARES CABANAS
2024-10-14T16:11:02.187Z [INFO]: Jugador actualizado: MARIA JESUS VARELA VILLAMARIN
2024-10-14T16:11:02.190Z [INFO]: Jugador actualizado: YADAI CARBALLIDO BOUZAS
2024-10-14T16:11:02.193Z [INFO]: Jugador actualizado: MARTA CASTRO GIRONA
2024-10-14T16:11:02.196Z [INFO]: Jugador actualizado: ANDRES GRAÑA CASTAÑAL
2024-10-14T16:11:02.198Z [INFO]: Jugador actualizado: PEDRO II  FERNANDEZ LOPEZ
2024-10-14T16:11:02.201Z [INFO]: Jugador actualizado: DAVID PEREZ CARBALLO
2024-10-14T16:11:02.205Z [INFO]: Jugador actualizado: IAGO PENALONGA ARRIBAS
2024-10-14T16:11:02.207Z [INFO]: Jugador actualizado: RODRIGO FRANCO JIMENEZ
2024-10-14T16:11:02.210Z [INFO]: Jugador actualizado: PABLO DIAZ RODRIGUEZ
2024-10-14T16:11:02.213Z [INFO]: Jugador actualizado: BRAIS LOPEZ OTERO
2024-10-14T16:11:02.216Z [INFO]: Jugador actualizado: DANIEL MARTINEZ PEREZ
2024-10-14T16:11:02.218Z [INFO]: Jugador actualizado: ANA BELEN SEIJAS OTERO
2024-10-14T16:11:02.221Z [INFO]: Jugador actualizado: MARTIÑO FERNANDEZ PRADO
2024-10-14T16:11:02.224Z [INFO]: Jugador actualizado: ABDELLAH SARHANI
2024-10-14T16:11:02.227Z [INFO]: Jugador actualizado: MARCOS LOPEZ SANTOS
2024-10-14T16:11:02.230Z [INFO]: Jugador actualizado: ADAN CARBALLIDO BOUZAS
2024-10-14T16:11:02.233Z [INFO]: Jugador actualizado: ROLANDO MARTINEZ RODRIGUEZ
2024-10-14T16:11:02.236Z [INFO]: Jugador actualizado: ADIANNY RAMIREZ ARMENTEROS
2024-10-14T16:11:02.238Z [INFO]: Jugador actualizado: JOSE MARIA OTERO PRIMOY
2024-10-14T16:11:02.242Z [INFO]: Jugador actualizado: OSCAR LEON RODRIGUEZ
2024-10-14T16:11:02.244Z [INFO]: Jugador actualizado: JUAN JOSE FERNANDEZ RILO
2024-10-14T16:11:02.247Z [INFO]: Jugador actualizado: EMILIO GONZALEZ ESCOURIDO
2024-10-14T16:11:02.250Z [INFO]: Jugador actualizado: ANGEL MIRA GONZALEZ
2024-10-14T16:11:02.253Z [INFO]: Jugador actualizado: JOSE MEDEROS AGUILA
2024-10-14T16:11:02.255Z [INFO]: Jugador actualizado: RAMON SANTIAGO PEDREIRA ARZUAGA
2024-10-14T16:11:02.258Z [INFO]: Jugador actualizado: CARLOS MANUEL ABELLA VAZQUEZ
2024-10-14T16:11:02.261Z [INFO]: Jugador actualizado: MANUEL FERNANDO DOMINGUEZ GARCIA
2024-10-14T16:11:02.264Z [INFO]: Jugador actualizado: MOISES DURAN RODRIGUEZ
2024-10-14T16:11:02.267Z [INFO]: Jugador actualizado: FRANCISCO JOSE PEREZ DIAZ
2024-10-14T16:11:02.270Z [INFO]: Jugador actualizado: VICENTE JAVIER FERREIRO LORENZO
2024-10-14T16:11:02.273Z [INFO]: Jugador actualizado: RAFAEL CASTRO DIAZ
2024-10-14T16:11:02.276Z [INFO]: Jugador actualizado: ALEJANDRO MARIÑO GONZALEZ
2024-10-14T16:11:02.278Z [INFO]: Jugador actualizado: MIGUEL ANGEL FERRO JOVE
2024-10-14T16:11:02.282Z [INFO]: Jugador actualizado: ALEXANDRE RODRIGUEZ SIGLER
2024-10-14T16:11:02.284Z [INFO]: Jugador actualizado: PABLO FERNANDEZ LOPEZ
2024-10-14T16:11:02.287Z [INFO]: Jugador actualizado: JOSE RAMON PANTIN SOTO
2024-10-14T16:11:02.290Z [INFO]: Jugador actualizado: SERGIO DINIZ LOPEZ
2024-10-14T16:11:02.293Z [INFO]: Jugador actualizado: JAVIER CASTRILLON OTERO
2024-10-14T16:11:02.295Z [INFO]: Jugador actualizado: JUAN MANUEL CANEIRO COUTO
2024-10-14T16:11:02.298Z [INFO]: Jugador actualizado: JUAN CARLOS BERDULLAS GUERRA
2024-10-14T16:11:02.301Z [INFO]: Jugador actualizado: ADOLFO DIAZ NUÑEZ
2024-10-14T16:11:02.304Z [INFO]: Jugador actualizado: MOISES SYLLA GARCIA
2024-10-14T16:11:02.306Z [INFO]: Jugador actualizado: ANGEL PENALONGA SWEERS
2024-10-14T16:11:02.309Z [INFO]: Jugador actualizado: RAFAEL ALONSO VAZQUEZ
2024-10-14T16:11:02.312Z [INFO]: Jugador actualizado: OSVALDO DIEGUEZ LOPEZ
2024-10-14T16:11:02.315Z [INFO]: Jugador actualizado: PABLO SANCHEZ QUINTEIRO
2024-10-14T16:11:02.318Z [INFO]: Jugador actualizado: MIGUEL ANGEL FERNANDEZ LOPEZ
2024-10-14T16:11:02.322Z [INFO]: Jugador actualizado: RUBEN CEÑAL GUTIERREZ
2024-10-14T16:11:02.325Z [INFO]: Jugador actualizado: SERGIO LOPEZ REGUEIRO
2024-10-14T16:11:02.331Z [INFO]: Jugador actualizado: KARLA JULY FERNÁNDEZ RIVERO
2024-10-14T16:11:02.334Z [INFO]: Jugador actualizado: MIGUEL CARBALLO NOYA
2024-10-14T16:11:02.337Z [INFO]: Jugador actualizado: ALEJANDRO SANCHEZ BARDANCA
2024-10-14T16:11:02.341Z [INFO]: Jugador actualizado: VICTOR GONZALEZ CARRO
2024-10-14T16:11:02.347Z [INFO]: Jugador actualizado: JOSE LARROSA VILA
2024-10-14T16:11:02.352Z [INFO]: Jugador actualizado: SALVADOR DIZ INFANTE
2024-10-14T16:11:02.356Z [INFO]: Jugador actualizado: ANGEL CARRIL GONZALEZ
2024-10-14T16:11:02.359Z [INFO]: Jugador actualizado: FRANCISCO BAÑOBRE GONZALEZ
2024-10-14T16:11:02.363Z [INFO]: Jugador actualizado: JAMES ALLEN DAHLGREN
2024-10-14T16:11:02.366Z [INFO]: Jugador actualizado: SANTIAGO CERVIÑO MATOS
2024-10-14T16:11:02.371Z [INFO]: Jugador actualizado: KAMO PETROSYAN
2024-10-14T16:11:02.374Z [INFO]: Jugador actualizado: CARLOS ARIAS IGLESIAS
2024-10-14T16:11:02.377Z [INFO]: Jugador actualizado: CARLOS GONZALEZ GONZALEZ
2024-10-14T16:11:02.381Z [INFO]: Jugador actualizado: FERNANDO REGUEIRA VEIGA
2024-10-14T16:11:02.384Z [INFO]: Jugador actualizado: GABRIEL BARREIRO RIVERA
2024-10-14T16:11:02.387Z [INFO]: Jugador actualizado: XOSE MANUEL IGLESIAS IGLESIAS
2024-10-14T16:11:02.390Z [INFO]: Jugador actualizado: MANUEL GARCIA AMADO
2024-10-14T16:11:02.393Z [INFO]: Jugador actualizado: ALEJANDRO COUSELO NEIRA
2024-10-14T16:11:02.396Z [INFO]: Jugador actualizado: LEO CENDAN MALINGRET
2024-10-14T16:11:02.398Z [INFO]: Jugador actualizado: DAVID BUITRON RAMIL
2024-10-14T16:11:02.401Z [INFO]: Jugador actualizado: JOSE SONEIRA LEIS
2024-10-14T16:11:02.404Z [INFO]: Jugador actualizado: MANUEL ANTONIO RODRIGUEZ LAMAS
2024-10-14T16:11:02.407Z [INFO]: Jugador actualizado: RAMON ANTONIO FRANCO BLANCO
2024-10-14T16:11:02.410Z [INFO]: Jugador actualizado: JOSE SAR VILELA
2024-10-14T16:11:02.412Z [INFO]: Jugador actualizado: ANA BARJA DE QUIROGA LOSADA
2024-10-14T16:11:02.415Z [INFO]: Jugador actualizado: SANTIAGO PEREZ HAZ
2024-10-14T16:11:02.418Z [INFO]: Jugador actualizado: JOSE RAMON GOMEZ TORRE
2024-10-14T16:11:02.421Z [INFO]: Jugador actualizado: CARLOS JOSE MARTINEZ ROJAS
2024-10-14T16:11:02.423Z [INFO]: Jugador actualizado: JUAN CARLOS RODRIGUEZ FERNANDEZ
2024-10-14T16:11:02.426Z [INFO]: Jugador actualizado: VICTOR JOSE GODAY OTERO
2024-10-14T16:11:02.428Z [INFO]: Jugador actualizado: ROGELIO FERNANDEZ MACEIRAS
2024-10-14T16:11:02.432Z [INFO]: Jugador actualizado: AMIN ANDRES MEBAREK DAZA
2024-10-14T16:11:02.434Z [INFO]: Jugador actualizado: MIGUEL ANTONIO DIEGUEZ RATON
2024-10-14T16:11:02.437Z [INFO]: Jugador actualizado: CHRISTIAN PEREZ VERA
2024-10-14T16:11:02.440Z [INFO]: Jugador actualizado: ANTON QUINTAS OTERO
2024-10-14T16:11:02.443Z [INFO]: Jugador actualizado: MANUEL ANXO CABAÑAS LOPEZ
2024-10-14T16:11:02.445Z [INFO]: Jugador actualizado: EDUARDO CABAÑAS LOPEZ
2024-10-14T16:11:02.448Z [INFO]: Jugador actualizado: LOIS QUINTAS OTERO
2024-10-14T16:11:02.452Z [INFO]: Jugador actualizado: FRANCISCO EDUARDO CABAÑAS DIAZ
2024-10-14T16:11:02.455Z [INFO]: Jugador actualizado: JOSÉ LUIS QUINTAS CARREIRA
2024-10-14T16:11:02.457Z [INFO]: Jugador actualizado: MARTIN BLANCO CASTRO
2024-10-14T16:11:02.460Z [INFO]: Jugador actualizado: OSCAR BRUNO DE PRADO RODRIGUEZ
2024-10-14T16:11:02.463Z [INFO]: Jugador actualizado: FRANCISCO MIGUEL AMADO RODRIGUEZ
2024-10-14T16:11:02.466Z [INFO]: Jugador actualizado: MARIO MAÑANA PEDREIRA
2024-10-14T16:11:02.469Z [INFO]: Jugador actualizado: ADRIAN AMADO RODRIGUEZ
2024-10-14T16:11:02.472Z [INFO]: Jugador actualizado: XOSE MANUEL ZAPATA PEREZ
2024-10-14T16:11:02.474Z [INFO]: Jugador actualizado: DANIEL MENDEZ REY
2024-10-14T16:11:02.477Z [INFO]: Jugador actualizado: DIEGO FLOREZ RODRIGUEZ
2024-10-14T16:11:02.480Z [INFO]: Jugador actualizado: ALFREDO LOPEZ LOPEZ
2024-10-14T16:11:02.483Z [INFO]: Jugador actualizado: EDUARDO BRAÑA LOPEZ
2024-10-14T16:11:02.486Z [INFO]: Jugador actualizado: DIEGO VAZQUEZ ALVAREZ
2024-10-14T16:11:02.488Z [INFO]: Jugador actualizado: ALEJANDRO ARIAS PIÑEIRO
2024-10-14T16:11:02.492Z [INFO]: Jugador actualizado: BORJA SANCHEZ LOPEZ
2024-10-14T16:11:02.494Z [INFO]: Jugador actualizado: RUBEN VAZQUEZ DEL VALLE
2024-10-14T16:11:02.497Z [INFO]: Jugador actualizado: CARLOS FERNANDEZ POMBO
2024-10-14T16:11:02.500Z [INFO]: Jugador actualizado: ALVARO HIERRO FERREIRO
2024-10-14T16:11:02.503Z [INFO]: Jugador actualizado: FRANCISCO LUIS ABELLA CRUZ
2024-10-14T16:11:02.505Z [INFO]: Jugador actualizado: JOSE ANTONIO CRUZ CAMBON
2024-10-14T16:11:02.508Z [INFO]: Jugador actualizado: IAGO GARCIA OUTEIRO
2024-10-14T16:11:02.511Z [INFO]: Jugador actualizado: XOSE BREOGAN GARCIA OUTEIRO
2024-10-14T16:11:02.513Z [INFO]: Jugador actualizado: DIEGO CHOUCIÑO BELLO
2024-10-14T16:11:02.516Z [INFO]: Jugador actualizado: JAVIER MANUEL FARINA PEREZ
2024-10-14T16:11:02.519Z [INFO]: Jugador actualizado: JOSE DOVAL GONZALEZ
2024-10-14T16:11:02.522Z [INFO]: Jugador actualizado: CARLOS FEIJOO NOVOA
2024-10-14T16:11:02.525Z [INFO]: Jugador actualizado: MIGUEL ANGEL VAZQUEZ ALONSO
2024-10-14T16:11:02.527Z [INFO]: Jugador actualizado: JOAQUIN GRASSI RODRIGUEZ
2024-10-14T16:11:02.531Z [INFO]: Jugador actualizado: ALEJANDRO ALVAREZ SOTO
2024-10-14T16:11:02.534Z [INFO]: Jugador actualizado: JUAN MANUEL REAL TALIN
2024-10-14T16:11:02.536Z [INFO]: Jugador actualizado: XOAN XOSE HIDALGO NEIRA
2024-10-14T16:11:02.539Z [INFO]: Jugador actualizado: DAVID MARTINEZ FERNANDEZ
2024-10-14T16:11:02.542Z [INFO]: Jugador actualizado: OSCAR PORTO FUENTES
2024-10-14T16:11:02.545Z [INFO]: Jugador actualizado: HUGO DOMINGUEZ CONDE
2024-10-14T16:11:02.547Z [INFO]: Jugador actualizado: FERNANDO GARCIA VILLAR
2024-10-14T16:11:02.551Z [INFO]: Jugador actualizado: NEREA CEREIJO SUAREZ
2024-10-14T16:11:02.553Z [INFO]: Jugador actualizado: SANTIAGO SUEIRO ONOMAKPOME
2024-10-14T16:11:02.556Z [INFO]: Jugador actualizado: MANUEL VAZQUEZ QUIROGA
2024-10-14T16:11:02.559Z [INFO]: Jugador actualizado: DANIEL GONZALEZ EIRIS
2024-10-14T16:11:02.562Z [INFO]: Jugador actualizado: ALEJANDRO ANDRADE PENSADO
2024-10-14T16:11:02.565Z [INFO]: Jugador actualizado: JOSE MANUEL POSE GARCIA
2024-10-14T16:11:02.568Z [INFO]: Jugador actualizado: ESTEBAN RAPOSO RAMA
2024-10-14T16:11:02.571Z [INFO]: Jugador actualizado: RODRIGO TEIJEIRA LASTRES
2024-10-14T16:11:02.574Z [INFO]: Jugador actualizado: RAMIRO LEMA GARCIA
2024-10-14T16:11:02.576Z [INFO]: Jugador actualizado: JUAN PABLO GARCIA MELGAR
2024-10-14T16:11:02.579Z [INFO]: Jugador actualizado: EMILIO PAREDES GALAN
2024-10-14T16:11:02.582Z [INFO]: Jugador actualizado: IRENE AMADO ROLAN
2024-10-14T16:11:02.585Z [INFO]: Jugador actualizado: TOMAS CORONA GARCIA
2024-10-14T16:11:02.588Z [INFO]: Jugador actualizado: GREGORI NEDOBORA KARASYK
2024-10-14T16:11:02.591Z [INFO]: Jugador actualizado: PABLO CORDIDO SIXTO
2024-10-14T16:11:02.594Z [INFO]: Jugador actualizado: JOSE CARLOS PENA TORRES
2024-10-14T16:11:02.596Z [INFO]: Jugador actualizado: JOSE SANCHEZ CAMINO
2024-10-14T16:11:02.599Z [INFO]: Jugador actualizado: AGUSTIN ANGEL BLANCO BARREIRO
2024-10-14T16:11:02.602Z [INFO]: Jugador actualizado: JOSE PEREZ NEGRO
2024-10-14T16:11:02.604Z [INFO]: Jugador actualizado: DAVID TORRES DOMINGUEZ
2024-10-14T16:11:02.607Z [INFO]: Jugador actualizado: JUAN JOSE MONTES MAYO
2024-10-14T16:11:02.610Z [INFO]: Jugador actualizado: HELADIO OUTEIRO PADIN
2024-10-14T16:11:02.612Z [INFO]: Jugador actualizado: DAVID DEZAGOIRE LIMERES
2024-10-14T16:11:02.615Z [INFO]: Jugador actualizado: ALBERTO DEVESA SOUTULLO
2024-10-14T16:11:02.618Z [INFO]: Jugador actualizado: JOSE MANUEL ALVAREZ SABOR
2024-10-14T16:11:02.621Z [INFO]: Jugador actualizado: MIGUEL ARAGUNDE MARTINEZ
2024-10-14T16:11:02.623Z [INFO]: Jugador actualizado: MANUEL MASCATO GALIÑANES
2024-10-14T16:11:02.626Z [INFO]: Jugador actualizado: GABRIEL BENAVIDES ABILLEIRA
2024-10-14T16:11:02.629Z [INFO]: Jugador actualizado: MARCOS SABOR CAMIÑA
2024-10-14T16:11:02.632Z [INFO]: Jugador actualizado: CARMEN PRIETO ALVAREZ
2024-10-14T16:11:02.635Z [INFO]: Jugador actualizado: JESUS FRANCISCO LEIRO ABELLEIRA
2024-10-14T16:11:02.637Z [INFO]: Jugador actualizado: MANUEL ANTONIO PEREZ FUNGUEIRO
2024-10-14T16:11:02.641Z [INFO]: Jugador actualizado: MIGUEL CABRERO DE CABO
2024-10-14T16:11:02.643Z [INFO]: Jugador actualizado: VICTOR ALONSO MACIAS
2024-10-14T16:11:02.646Z [INFO]: Jugador actualizado: DAVID FARTO OROZCO
2024-10-14T16:11:02.649Z [INFO]: Jugador actualizado: SERGIO ESTEPA GUERRERO
2024-10-14T16:11:02.652Z [INFO]: Jugador actualizado: ANGEL RAMON OTERO RAMIREZ
2024-10-14T16:11:02.654Z [INFO]: Jugador actualizado: SANTIAGO ARGIBAY FONTAN
2024-10-14T16:11:02.657Z [INFO]: Jugador actualizado: RAFAEL BOUZAS BELLO
2024-10-14T16:11:02.660Z [INFO]: Jugador actualizado: CARLOS BRADAN DOCAMPO GARRIDO
2024-10-14T16:11:02.663Z [INFO]: Jugador actualizado: GONZALO SAAVEDRA SANTIAGO
2024-10-14T16:11:02.665Z [INFO]: Jugador actualizado: JACOBO DE LA CRUZ FRAGA CASTRO
2024-10-14T16:11:02.668Z [INFO]: Jugador actualizado: SERGIO AREVALILLO ROMERO
2024-10-14T16:11:02.671Z [INFO]: Jugador actualizado: JORGE MENDEZ RIAL
2024-10-14T16:11:02.674Z [INFO]: Jugador actualizado: RICARDO RODRIGO ZAPATA CAMPOS
2024-10-14T16:11:02.677Z [INFO]: Jugador actualizado: AGUSTIN ABOY MOARES
2024-10-14T16:11:02.680Z [INFO]: Jugador actualizado: DANIEL MARTINEZ DOURADO
2024-10-14T16:11:02.683Z [INFO]: Jugador actualizado: ESTELA SUAREZ DURO
2024-10-14T16:11:02.685Z [INFO]: Jugador actualizado: LUA SUAREZ DURO
2024-10-14T16:11:02.688Z [INFO]: Jugador actualizado: CHRISTIAN DUARTE BLANCO
2024-10-14T16:11:02.691Z [INFO]: Jugador actualizado: WUAYRA DAVID PADILLA PICUASI
2024-10-14T16:11:02.694Z [INFO]: Jugador actualizado: ALESSANDRO NIETO LUNA
2024-10-14T16:11:02.696Z [INFO]: Jugador actualizado: JAVIER FERNANDEZ COSTAS
2024-10-14T16:11:02.699Z [INFO]: Jugador actualizado: JUAN RAMON OCAMPO RIVAS
2024-10-14T16:11:02.702Z [INFO]: Jugador actualizado: SANDRO CESAR PADILLA PICUASI
2024-10-14T16:11:02.704Z [INFO]: Jugador actualizado: LUIS SEGURA SANTOS
2024-10-14T16:11:02.707Z [INFO]: Jugador actualizado: ANDRES VARELA FERNANDEZ
2024-10-14T16:11:02.710Z [INFO]: Jugador actualizado: LUCA REY CHIMERA
2024-10-14T16:11:02.713Z [INFO]: Jugador actualizado: PAULA SUAREZ GOMEZ
2024-10-14T16:11:02.715Z [INFO]: Jugador actualizado: ANDREA DORADO MEIJIDE
2024-10-14T16:11:02.718Z [INFO]: Jugador actualizado: DAVID SUAREZ ROZAS
2024-10-14T16:11:02.721Z [INFO]: Jugador actualizado: DIEGO PEREIRO RODRIGUEZ
2024-10-14T16:11:02.724Z [INFO]: Jugador actualizado: CESAR OUBIÑA PAZOS
2024-10-14T16:11:02.727Z [INFO]: Jugador actualizado: RICARDO OUBIÑA PAZOS
2024-10-14T16:11:02.730Z [INFO]: Jugador actualizado: IRENE DIZ LOROÑO
2024-10-14T16:11:02.733Z [INFO]: Jugador actualizado: BRAIS LORENZO IGLESIAS
2024-10-14T16:11:02.735Z [INFO]: Jugador actualizado: MARCOS CONDE LONGO
2024-10-14T16:11:02.738Z [INFO]: Jugador actualizado: AARON GOMEZ PAZ
2024-10-14T16:11:02.741Z [INFO]: Jugador actualizado: CRISTOBAL BARRAL RUBIROSA
2024-10-14T16:11:02.743Z [INFO]: Jugador actualizado: ALBERTO OTERO DIOS
2024-10-14T16:11:02.746Z [INFO]: Jugador actualizado: ALFREDO GONZALEZ VAZQUEZ
2024-10-14T16:11:02.749Z [INFO]: Jugador actualizado: JORGE SABORIDO BUA
2024-10-14T16:11:02.752Z [INFO]: Jugador actualizado: ALEJANDRO PRADO GARCIA
2024-10-14T16:11:02.754Z [INFO]: Jugador actualizado: SERGIO NIETO OTERO
2024-10-14T16:11:02.757Z [INFO]: Jugador actualizado: SERGIO OTERO NIETO
2024-10-14T16:11:02.760Z [INFO]: Jugador actualizado: SAUL CHAVES SEÑORANS
2024-10-14T16:11:02.763Z [INFO]: Jugador actualizado: JOSE ANTONIO GOMEZ VILLAVERDE
2024-10-14T16:11:02.766Z [INFO]: Jugador actualizado: SOFIA BELEN DOVAL VILLCA
2024-10-14T16:11:02.768Z [INFO]: Jugador actualizado: ALEJANDRO FOJO PIÑON
2024-10-14T16:11:02.772Z [INFO]: Jugador actualizado: PABLO VIDAL FERNANDEZ
2024-10-14T16:11:02.774Z [INFO]: Jugador actualizado: MIGUEL PALACIOS GONZALEZ
2024-10-14T16:11:02.777Z [INFO]: Jugador actualizado: BERNARDO REBOLLO MONTES
2024-10-14T16:11:02.780Z [INFO]: Jugador actualizado: RODRIGO GONZALEZ REGUEIRO
2024-10-14T16:11:02.783Z [INFO]: Jugador actualizado: ALVARO MAQUIEIRA VIDAL
2024-10-14T16:11:02.786Z [INFO]: Jugador actualizado: CONSTANTINO GONZALEZ LEVICES
2024-10-14T16:11:02.789Z [INFO]: Jugador actualizado: SERGIO LOPEZ PEREZ
2024-10-14T16:11:02.792Z [INFO]: Jugador actualizado: RICARDO FERNÁNDEZ LÓPEZ
2024-10-14T16:11:02.795Z [INFO]: Jugador actualizado: JOSE MANUEL BEN ALVAREZ
2024-10-14T16:11:02.797Z [INFO]: Jugador actualizado: AVELINO ALE IGLESIAS FERNANDEZ
2024-10-14T16:11:02.801Z [INFO]: Jugador actualizado: TOMAS BERNARDEZ DURAN
2024-10-14T16:11:02.804Z [INFO]: Jugador actualizado: IAGO FERNANDEZ RAMOS
2024-10-14T16:11:02.806Z [INFO]: Jugador actualizado: DAVID CERNADAS CAMEAN
2024-10-14T16:11:02.809Z [INFO]: Jugador actualizado: JESUS RODRIGUEZ PEREZ
2024-10-14T16:11:02.812Z [INFO]: Jugador actualizado: ANXO CARREIRA CASAIS
2024-10-14T16:11:02.815Z [INFO]: Jugador actualizado: GERARDO GIL PEREZ
2024-10-14T16:11:02.817Z [INFO]: Jugador actualizado: CURSTAN JORDAN ARMSTRONG
2024-10-14T16:11:02.820Z [INFO]: Jugador actualizado: GERMAN VILAPLANA BAZ
2024-10-14T16:11:02.823Z [INFO]: Jugador actualizado: AVELINO DOMINGUEZ GONZALEZ
2024-10-14T16:11:02.825Z [INFO]: Jugador actualizado: SERGIO LOMBA GONZALEZ
2024-10-14T16:11:02.828Z [INFO]: Jugador actualizado: DANIEL LOMBA GONZALEZ
2024-10-14T16:11:02.831Z [INFO]: Jugador actualizado: JUAN CARLOS VICENTE URBANO
2024-10-14T16:11:02.834Z [INFO]: Jugador actualizado: ANTONIO CASTRO ALONSO
2024-10-14T16:11:02.837Z [INFO]: Jugador actualizado: CESAREO ALVAREZ RODRIGUEZ
2024-10-14T16:11:02.840Z [INFO]: Jugador actualizado: BENJAMIN DIEGUEZ NOVOA
2024-10-14T16:11:02.842Z [INFO]: Jugador actualizado: JOSE CARLOS FRANCISCO RODRIGUEZ
2024-10-14T16:11:02.845Z [INFO]: Jugador actualizado: ROGELIO NUÑEZ MARTINEZ
2024-10-14T16:11:02.848Z [INFO]: Jugador actualizado: PURA DIEGUEZ NOVOA
2024-10-14T16:11:02.851Z [INFO]: Jugador actualizado: JUAN ANTONIO SACO RIVERA
2024-10-14T16:11:02.854Z [INFO]: Jugador actualizado: LUIS GUERRERO MENDEZ
2024-10-14T16:11:02.857Z [INFO]: Jugador actualizado: ANTONIO PEDRO CARAMEZ PEREIRA
2024-10-14T16:11:02.860Z [INFO]: Jugador actualizado: ALEJANDRO I FERNANDEZ LOPEZ
2024-10-14T16:11:02.862Z [INFO]: Jugador actualizado: MARIIA IUGINA
2024-10-14T16:11:02.865Z [INFO]: Jugador actualizado: DIOGO FARIA DE OLIVEIRA MARTINS
2024-10-14T16:11:02.868Z [INFO]: Jugador actualizado: JOSE MIGUEL VAZQUEZ FORTES
2024-10-14T16:11:02.871Z [INFO]: Jugador actualizado: PEDRO MIGUEL GOMES MENDES
2024-10-14T16:11:02.873Z [INFO]: Jugador actualizado: FRANCISCO NUNES VIEIRA DE ALMEIDA
2024-10-14T16:11:02.876Z [INFO]: Jugador actualizado: EUGENIO MARTINEZ RODRIGUEZ
2024-10-14T16:11:02.878Z [INFO]: Jugador actualizado: MARIANA SOFIA TEIXEIRA DA SILVA
2024-10-14T16:11:02.882Z [INFO]: Jugador actualizado: ANA TEIXEIRA DA SILVA
2024-10-14T16:11:02.885Z [INFO]: Jugador actualizado: ALBA PIAY GARCIA
2024-10-14T16:11:02.888Z [INFO]: Jugador actualizado: JOSE LUCAS FERREIRA DA SILVA
2024-10-14T16:11:02.892Z [INFO]: Jugador actualizado: PABLO FERNANDEZ LOPEZ
2024-10-14T16:11:02.894Z [INFO]: Jugador actualizado: TOMAS AFONSO PIRES DOS SANTOS
2024-10-14T16:11:02.897Z [INFO]: Jugador actualizado: JOSÉ MIGUEL TEIXEIRA MARGARIDO
2024-10-14T16:11:02.900Z [INFO]: Jugador actualizado: MATEO DIAZ GOMEZ
2024-10-14T16:11:02.903Z [INFO]: Jugador actualizado: MARCOS VAZQUEZ GOMEZ
2024-10-14T16:11:02.905Z [INFO]: Jugador actualizado: XACOBE CONDE RIVEIRO
2024-10-14T16:11:02.908Z [INFO]: Jugador actualizado: MIGUEL FERREIRO DIAZ
2024-10-14T16:11:02.911Z [INFO]: Jugador actualizado: IVAN DOPAZO VAZQUEZ
2024-10-14T16:11:02.914Z [INFO]: Jugador actualizado: ALBA PEREZ SALGADO
2024-10-14T16:11:02.917Z [INFO]: Jugador actualizado: ANDREA HERNANDEZ RODRIGUEZ
2024-10-14T16:11:02.920Z [INFO]: Jugador actualizado: ADRIAN VAZQUEZ VELASCO
2024-10-14T16:11:02.922Z [INFO]: Jugador actualizado: JUAN JOSE GIL FERNANDEZ
2024-10-14T16:11:02.925Z [INFO]: Jugador actualizado: BRAIS OTERO NOGUEIRA
2024-10-14T16:11:02.927Z [INFO]: Jugador actualizado: ROI CABANAS RODRIGUEZ
2024-10-14T16:11:02.931Z [INFO]: Jugador actualizado: MANUEL CARBALLO CANCELA
2024-10-14T16:11:02.934Z [INFO]: Jugador actualizado: SERGIO PEREZ ESTEVEZ
2024-10-14T16:11:02.937Z [INFO]: Jugador actualizado: ÓSCAR FERNANDEZ SANJUAN
2024-10-14T16:11:02.940Z [INFO]: Jugador actualizado: OSCAR MORALES REJAS
2024-10-14T16:11:02.942Z [INFO]: Jugador actualizado: GONZALO BASTOS GONZALEZ
2024-10-14T16:11:02.945Z [INFO]: Jugador actualizado: MATEO PENA MONTENEGRO
2024-10-14T16:11:02.947Z [INFO]: Jugador actualizado: LUCAS REPRESAS GOMEZ
2024-10-14T16:11:02.951Z [INFO]: Jugador actualizado: DAVID CASTRO GANDARA
2024-10-14T16:11:02.954Z [INFO]: Jugador actualizado: ISMAEL PENA PEREZ
2024-10-14T16:11:02.957Z [INFO]: Jugador actualizado: SANDRA SOUSA FERNANDEZ
2024-10-14T16:11:02.960Z [INFO]: Jugador actualizado: LUCIA VIEITO PEREZ
2024-10-14T16:11:02.962Z [INFO]: Jugador actualizado: MANUEL CONDE ABUIN
2024-10-14T16:11:02.965Z [INFO]: Jugador actualizado: GONZALO BOUZA BREY TEIJEIRO
2024-10-14T16:11:02.968Z [INFO]: Jugador actualizado: ALVARO REINALDO SOTO
2024-10-14T16:11:02.971Z [INFO]: Jugador actualizado: JORGE LUIS MARIA LOPEZ
2024-10-14T16:11:02.974Z [INFO]: Jugador actualizado: RAMON AMADOR MELIO REY
2024-10-14T16:11:02.976Z [INFO]: Jugador actualizado: FRANCISCO RAMON TORRADO BEA
2024-10-14T16:11:02.979Z [INFO]: Jugador actualizado: LUIS PARDO VIQUEIRA
2024-10-14T16:11:02.982Z [INFO]: Jugador actualizado: MARIANO OTERO OUTEIRAL
2024-10-14T16:11:02.985Z [INFO]: Jugador actualizado: CARLOS DIZ SUAREZ
2024-10-14T16:11:02.988Z [INFO]: Jugador actualizado: JOSE ENRIQUE LAGO DURAN
2024-10-14T16:11:02.991Z [INFO]: Jugador actualizado: JOSE MANUEL LOPEZ MANEIRO
2024-10-14T16:11:02.993Z [INFO]: Jugador actualizado: JOSE ALBERTO RODRIGUEZ GARCIA
2024-10-14T16:11:02.996Z [INFO]: Jugador actualizado: IAGO PROL NOGUEIRA
2024-10-14T16:11:02.998Z [INFO]: Jugador actualizado: CARLOS JOAO FERNANDES NOVAIS
2024-10-14T16:11:03.002Z [INFO]: Jugador actualizado: JOSE LUIS FERNANDEZ SAAVEDRA
2024-10-14T16:11:03.004Z [INFO]: Jugador actualizado: JESUS MIGUEL CONDE LLINARES
2024-10-14T16:11:03.007Z [INFO]: Jugador actualizado: FRANCISCO OGANDO GONZALEZ
2024-10-14T16:11:03.010Z [INFO]: Jugador actualizado: ALEJANDRO DE LEON JUSTO
2024-10-14T16:11:03.012Z [INFO]: Jugador actualizado: SAMUEL CRUZ GUERRA
2024-10-14T16:11:03.015Z [INFO]: Jugador actualizado: JESUS MANUEL BETANCOURT HERNANDEZ
2024-10-14T16:11:03.018Z [INFO]: Jugador actualizado: BRUNO RICARDO LOPES
2024-10-14T16:11:03.021Z [INFO]: Jugador actualizado: ELIAS JOSE GONZALEZ GIL
2024-10-14T16:11:03.023Z [INFO]: Jugador actualizado: RAQUEL DOS SANTOS DUQUE
2024-10-14T16:11:03.026Z [INFO]: Jugador actualizado: IVO RODRIGUES DIAS
2024-10-14T16:11:03.028Z [INFO]: Jugador actualizado: CIBRAN ALVAREZ CASTAÑO
2024-10-14T16:11:03.032Z [INFO]: Jugador actualizado: JAN SEBASTIAN ARIAS MUÑOZ
2024-10-14T16:11:03.035Z [INFO]: Jugador actualizado: DAVID DOCAMPO GARCIA
2024-10-14T16:11:03.037Z [INFO]: Jugador actualizado: LUIS FERNANDEZ DE ARMAS
2024-10-14T16:11:03.040Z [INFO]: Jugador actualizado: EMILIO PAZO NUÑEZ
2024-10-14T16:11:03.043Z [INFO]: Jugador actualizado: DANIEL FERNANDEZ PAZOS
2024-10-14T16:11:03.046Z [INFO]: Jugador actualizado: ARIAN GONZALEZ PEREZ
2024-10-14T16:11:03.048Z [INFO]: Jugador actualizado: DAVID BALTAR IGLESIAS
2024-10-14T16:11:03.052Z [INFO]: Jugador actualizado: ANGEL DOMINGUEZ FERNANDEZ
2024-10-14T16:11:03.054Z [INFO]: Jugador actualizado: MARCOS LORENZO DURAN
2024-10-14T16:11:03.057Z [INFO]: Jugador actualizado: JUAN CARLOS NEGREIRA RODRIGUEZ
2024-10-14T16:11:03.060Z [INFO]: Jugador actualizado: CESAR PEREZ DAPOZA
2024-10-14T16:11:03.063Z [INFO]: Jugador actualizado: ROBERTO PARAMOS DOMINGUEZ
2024-10-14T16:11:03.065Z [INFO]: Jugador actualizado: FRANCISCO CARRERA PEREZ
2024-10-14T16:11:03.068Z [INFO]: Jugador actualizado: AVELINO LEIROS VILA
2024-10-14T16:11:03.071Z [INFO]: Jugador actualizado: MIGUEL MORONA MINGUEZ
2024-10-14T16:11:03.073Z [INFO]: Jugador actualizado: SANTIAGO MOUGAN GONZALEZ
2024-10-14T16:11:03.076Z [INFO]: Jugador actualizado: RUBEN GARRIDO RODRÍGUEZ
2024-10-14T16:11:03.078Z [INFO]: Jugador actualizado: DIEGO IBAÑEZ CRUCES
2024-10-14T16:11:03.081Z [INFO]: Jugador actualizado: GUILLERMO DOPICO CARREJA
2024-10-14T16:11:03.084Z [INFO]: Jugador actualizado: MANUEL VIDAL DEL RIO
2024-10-14T16:11:03.087Z [INFO]: Jugador actualizado: ANTONIO VILLAR NIEVES
2024-10-14T16:11:03.090Z [INFO]: Jugador actualizado: DIEGO VIDAL DEL RIO
2024-10-14T16:11:03.093Z [INFO]: Jugador actualizado: MARCOS REZA SALGADO
2024-10-14T16:11:03.095Z [INFO]: Jugador actualizado: MIGUEL REZA SALGADO
2024-10-14T16:11:03.098Z [INFO]: Jugador actualizado: DAVID RIVAS VILA
2024-10-14T16:11:03.101Z [INFO]: Jugador actualizado: MANUEL ALVAREZ FERNANDEZ
2024-10-14T16:11:03.104Z [INFO]: Jugador actualizado: JOSE ANTONIO ALVAREZ FERNANDEZ
2024-10-14T16:11:03.106Z [INFO]: Jugador actualizado: ALBERTO IGLESIAS FEIJOO
2024-10-14T16:11:03.109Z [INFO]: Jugador actualizado: RODRIGO ARIAS PEREZ
2024-10-14T16:11:03.112Z [INFO]: Jugador actualizado: JOSE LUIS FERNANDEZ GONZALEZ
2024-10-14T16:11:03.114Z [INFO]: Jugador actualizado: ADRIAN GONZALEZ MAESTRO
2024-10-14T16:11:03.117Z [INFO]: Jugador actualizado: JOSE JAIME GONZALEZ-VISO PULIDO
2024-10-14T16:11:03.117Z [INFO]: Eliminando jugadores no coincidentes con Players_list.js...
2024-10-14T16:11:03.118Z [INFO]: Eliminación de jugadores no coincidentes completada.
